*----------------------------------------------------------------------------------------
*	Innovus 21.13-s100_1 (64bit) 03/04/2022 14:32 (Linux 3.10.0-693.el7.x86_64)
*	
*
* 	Date & Time:	2023-Mar-02 13:52:31 (2023-Mar-02 21:52:31 GMT)
*
*----------------------------------------------------------------------------------------
*
*	Design: bsg_cgol_cell
*
*	Liberty Libraries used: 
*	        ss_100C_1v60.setup_view: /home/projects/ee477.2023wtr/cad/pdk/sky130A/libs.ref/sky130_fd_sc_hd/lib/sky130_fd_sc_hd__ss_100C_1v60.lib
*
*	Power Domain used: 
*              Rail:        VDD      Voltage:        1.6 
*
*       Power View : ss_100C_1v60.setup_view
*
*       User-Defined Activity : N.A.
*
*       Activity File: N.A.
*
*       Hierarchical Global Activity: N.A.
*
*       Global Activity: N.A.
*
*       Sequential Element Activity: 0.200000
*
*       Primary Input Activity: 0.200000
*
*       Default icg ratio: N.A.
*
*       Global Comb ClockGate Ratio: N.A.
*
*	Power Units = 1mW
*
*	Time Units = 1e-09 secs 
*
*       report_power -outfile bsg_cgol_cell_power.rpt -hierarchy all
*
-----------------------------------------------------------------------------------------


Total Power 
-----------------------------------------------------------------------------------------
Total Internal Power:        0.03070891 	   46.5649%
Total Switching Power:       0.03493726 	   52.9765%
Total Leakage Power:         0.00030246 	    0.4586%
Total Power:                 0.06594864 
-----------------------------------------------------------------------------------------


Group                           Internal   Switching     Leakage       Total  Percentage 
                                Power      Power         Power         Power  (%)        
-----------------------------------------------------------------------------------------
Sequential                      0.009099   0.0009315   3.353e-05     0.01006       15.26 
Macro                                  0           0           0           0           0 
IO                                     0           0           0           0           0 
Combinational                    0.02161     0.03401   0.0002689     0.05588       84.74 
Clock (Combinational)                  0           0           0           0           0 
Clock (Sequential)                     0           0           0           0           0 
-----------------------------------------------------------------------------------------
Total                            0.03071     0.03494   0.0003025     0.06595         100 
-----------------------------------------------------------------------------------------


Rail                  Voltage   Internal   Switching     Leakage       Total  Percentage 
                                Power      Power         Power         Power  (%)        
-----------------------------------------------------------------------------------------
VDD                       1.6    0.03071     0.03494   0.0003025     0.06595         100 


Total Power 
-----------------------------------------------------------------------------------------
Total Internal Power:        0.03070891 	   46.5649%
Total Switching Power:       0.03493726 	   52.9765%
Total Leakage Power:         0.00030246 	    0.4586%
Total Power:                 0.06594864 
-----------------------------------------------------------------------------------------


Hierarchy                       Internal   Switching     Leakage       Total  Percentage 
                                Power      Power         Power         Power  (%)        
-----------------------------------------------------------------------------------------
countOnes                        0.01566     0.02891   0.0002159     0.04478       67.91  
countOnes/recurse.left          0.003368    0.005861   6.166e-05     0.00929       14.09  
countOnes/recurse.right         0.003715    0.006969   6.606e-05     0.01075        16.3  


-----------------------------------------------------------------------------------------
*	Power Distribution Summary: 
*                Highest Average Power:                data_o_reg (sky130_fd_sc_hd__dfstp_1):         0.008296 
*                Highest Leakage Power:                data_o_reg (sky130_fd_sc_hd__dfstp_1):         2.13e-05 
*          Total Cap:      4.96575e-13 F
*          Total instances in design:    77
*          Total instances in design with no power:     0
*          Total instances in design with no activity:     0
*          Total Fillers and Decap:     0
-----------------------------------------------------------------------------------------

