============================================================
  Generated by:           Genus(TM) Synthesis Solution 21.12-s068_1
  Generated on:           Mar 02 2023  01:45:43 pm
  Module:                 bsg_cgol_cell
  Library domain:         ss_100C_1v60.setup_cond
    Domain index:         0
    Technology library:   sky130_fd_sc_hd__ss_100C_1v60 1.0000000000
  Operating conditions:   ss_100C_1v60 
  Interconnect mode:      global
  Area mode:              physical library
============================================================

                                                 Leakage                                   Library 
           Gate             Instances   Area   Power (nW)              Library              Domain 
---------------------------------------------------------------------------------------------------
sky130_fd_sc_hd__a41oi_4            1   27.526      4.333    sky130_fd_sc_hd__ss_100C_1v60       0 
sky130_fd_sc_hd__and2_1             1    6.256      4.091    sky130_fd_sc_hd__ss_100C_1v60       0 
sky130_fd_sc_hd__and3_1             1    6.256      6.272    sky130_fd_sc_hd__ss_100C_1v60       0 
sky130_fd_sc_hd__clkbuf_2           2   10.010     10.414    sky130_fd_sc_hd__ss_100C_1v60       0 
sky130_fd_sc_hd__clkinv_1           1    3.754      4.673    sky130_fd_sc_hd__ss_100C_1v60       0 
sky130_fd_sc_hd__clkinv_4           5   43.792     32.680    sky130_fd_sc_hd__ss_100C_1v60       0 
sky130_fd_sc_hd__conb_1             1    3.754      0.003    sky130_fd_sc_hd__ss_100C_1v60       0 
sky130_fd_sc_hd__dfstp_1            1   26.275     21.248    sky130_fd_sc_hd__ss_100C_1v60       0 
sky130_fd_sc_hd__dlxtp_1            1   15.014     12.323    sky130_fd_sc_hd__ss_100C_1v60       0 
sky130_fd_sc_hd__inv_2              4   15.014     17.249    sky130_fd_sc_hd__ss_100C_1v60       0 
sky130_fd_sc_hd__inv_4              7   43.792     41.004    sky130_fd_sc_hd__ss_100C_1v60       0 
sky130_fd_sc_hd__nand2_1            1    3.754      0.126    sky130_fd_sc_hd__ss_100C_1v60       0 
sky130_fd_sc_hd__nand2_2            5   31.280     13.052    sky130_fd_sc_hd__ss_100C_1v60       0 
sky130_fd_sc_hd__nand2_4           19  213.955    107.309    sky130_fd_sc_hd__ss_100C_1v60       0 
sky130_fd_sc_hd__nand2_8            6  120.115     60.568    sky130_fd_sc_hd__ss_100C_1v60       0 
sky130_fd_sc_hd__nand2b_1           2   12.512      6.778    sky130_fd_sc_hd__ss_100C_1v60       0 
sky130_fd_sc_hd__nor2_1             1    3.754      1.702    sky130_fd_sc_hd__ss_100C_1v60       0 
sky130_fd_sc_hd__nor2_2             2   12.512      3.555    sky130_fd_sc_hd__ss_100C_1v60       0 
sky130_fd_sc_hd__nor2_4             1   11.261      4.720    sky130_fd_sc_hd__ss_100C_1v60       0 
sky130_fd_sc_hd__nor2b_4            1   13.763     11.346    sky130_fd_sc_hd__ss_100C_1v60       0 
sky130_fd_sc_hd__nor3_2             1   10.010      4.682    sky130_fd_sc_hd__ss_100C_1v60       0 
sky130_fd_sc_hd__o21ai_2            1    8.758      4.540    sky130_fd_sc_hd__ss_100C_1v60       0 
sky130_fd_sc_hd__o2bb2ai_4          4  110.106     43.303    sky130_fd_sc_hd__ss_100C_1v60       0 
sky130_fd_sc_hd__or2_4              1    8.758      7.485    sky130_fd_sc_hd__ss_100C_1v60       0 
sky130_fd_sc_hd__xnor2_2            1   16.266     10.554    sky130_fd_sc_hd__ss_100C_1v60       0 
sky130_fd_sc_hd__xnor2_4            1   27.526     15.028    sky130_fd_sc_hd__ss_100C_1v60       0 
---------------------------------------------------------------------------------------------------
total                              72  805.773    449.038                                  


                                          Leakage  Leakage 
     Type      Instances   Area  Area % Power (nW) Power % 
-----------------------------------------------------------
sequential             2  41.290    5.1     33.571     7.5 
inverter              17 106.352   13.2     95.606    21.3 
buffer                 2  10.010    1.2     10.414     2.3 
logic                 51 648.122   80.4    309.447    68.9 
physical_cells         0   0.000    0.0      0.000     0.0 
-----------------------------------------------------------
total                 72 805.773  100.0    449.038   100.0 

