============================================================
  Generated by:           Genus(TM) Synthesis Solution 21.12-s068_1
  Generated on:           Mar 02 2023  01:45:43 pm
  Module:                 bsg_cgol_cell
  Library domain:         ss_100C_1v60.setup_cond
    Domain index:         0
    Technology library:   sky130_fd_sc_hd__ss_100C_1v60 1.0000000000
  Operating conditions:   ss_100C_1v60 
  Interconnect mode:      global
  Area mode:              physical library
============================================================

Timing
--------

     Analysis view      Clock Period 
-------------------------------------
ss_100C_1v60.setup_view clk   5000.0 


        Analysis          Cost   Critical        Violating 
          View           Group  Path Slack  TNS    Paths   
-----------------------------------------------------------
ss_100C_1v60.setup_view     clk        0.5  0.0          0 
                        default   No paths  0.0          0 
-----------------------------------------------------------
Total                                      -0.0          0 
                                                           

Instance Count
--------------
Leaf Instance Count             72 
Physical Instance count          0 
Sequential Instance Count        2 
Combinational Instance Count    70 
Hierarchical Instance Count      3 

Area
----
Cell Area                          805.773
Physical Cell Area                 0.000
Total Cell Area (Cell+Physical)    805.773
Net Area                           365.828
Total Area (Cell+Physical+Net)     1171.601

Runtime                            0.0 seconds
Elapsed Runtime                    32 seconds
Genus peak memory usage            1172.03 
Innovus peak memory usage          no_value 
Hostname                           linux-lab-054.ece.uw.edu
