

Working Directory = /home/gbeatty3/Documents/EE477/mod2/ee477-final-project-George-Tim/bsg_cgol_cell/build/syn-rundir
QoS Summary for bsg_cgol_cell
================================================================================
Metric                          final          
================================================================================
Slack (ps):                         0
  R2R (ps):                     2,386
  I2R (ps):                         0
  R2O (ps):                     1,244
  I2O (ps):                  no_value
  CG  (ps):                  no_value
TNS (ps):                           0
  R2R (ps):                         0
  I2R (ps):                         0
  R2O (ps):                         0
  I2O (ps):                  no_value
  CG  (ps):                  no_value
Failing Paths:                      0
Cell Area:                        806
Total Cell Area:                  806
Leaf Instances:                    72
Total Instances:                   72
Utilization (%):                 0.00
Tot. Net Length (um):        no_value
Avg. Net Length (um):        no_value
Route Overflow H (%):        no_value
Route Overflow V (%):        no_value
MBCI(%) (bits/gate) :            0.00
Norm Cong Hotspot Area:
  Max Cong:                  no_value
  Tot Cong:                  no_value
================================================================================
CPU  Runtime (h:m:s):        00:00:08
Real Runtime (h:m:s):        00:00:21
CPU  Elapsed (h:m:s):        00:00:13
Real Elapsed (h:m:s):        00:00:25
Memory (MB):                  1172.03
================================================================================
================================================================================
Flow Settings:
================================================================================
Total Runtime (h:m:s): 00:00:21
Total Memory (MB):     1172.03
Executable Version:    21.12-s068_1
================================================================================
Total Cell Area =  Cell Area + Physical Cell Area
Total Instances =  Leaf Instances + Physical Instances


