*----------------------------------------------------------------------------------------
*	Innovus 21.13-s100_1 (64bit) 03/04/2022 14:32 (Linux 3.10.0-693.el7.x86_64)
*	
*
* 	Date & Time:	2023-Mar-03 12:55:51 (2023-Mar-03 20:55:51 GMT)
*
*----------------------------------------------------------------------------------------
*
*	Design: bsg_chip
*
*	Liberty Libraries used: 
*	        ss_100C_1v60.setup_view: /home/projects/ee477.2023wtr/cad/pdk/sky130A/libs.ref/sky130_fd_sc_hd/lib/sky130_fd_sc_hd__ss_100C_1v60.lib
*
*	Power Domain used: 
*              Rail:        VDD      Voltage:        1.6 
*
*       Power View : ss_100C_1v60.setup_view
*
*       User-Defined Activity : N.A.
*
*       Activity File: N.A.
*
*       Hierarchical Global Activity: N.A.
*
*       Global Activity: N.A.
*
*       Sequential Element Activity: 0.200000
*
*       Primary Input Activity: 0.200000
*
*       Default icg ratio: N.A.
*
*       Global Comb ClockGate Ratio: N.A.
*
*	Power Units = 1mW
*
*	Time Units = 1e-09 secs 
*
*       report_power -outfile bsg_chip_power.rpt -hierarchy all
*
-----------------------------------------------------------------------------------------


Total Power 
-----------------------------------------------------------------------------------------
Total Internal Power:        5.20838167 	   69.6790%
Total Switching Power:       2.22645430 	   29.7860%
Total Leakage Power:         0.03998840 	    0.5350%
Total Power:                 7.47482437 
-----------------------------------------------------------------------------------------


Group                           Internal   Switching     Leakage       Total  Percentage 
                                Power      Power         Power         Power  (%)        
-----------------------------------------------------------------------------------------
Sequential                         4.675      0.2533     0.02962       4.958       66.32 
Macro                                  0           0           0           0           0 
IO                                     0           0           0           0           0 
Combinational                     0.2789      0.4319    0.008985      0.7198        9.63 
Clock (Combinational)             0.2549       1.541    0.001385       1.797       24.05 
Clock (Sequential)                     0           0           0           0           0 
-----------------------------------------------------------------------------------------
Total                              5.208       2.226     0.03999       7.475         100 
-----------------------------------------------------------------------------------------


Clock                           Internal   Switching     Leakage       Total  Percentage 
                                Power      Power         Power         Power  (%)        
-----------------------------------------------------------------------------------------
sdo_A_token_clk_BSG_CHIP_cdc
   0.002992      0.0123   1.837e-05     0.01531      0.2048 
core_clk_BSG_CHIP_cdc             0.1309      0.7855   0.0004822      0.9169       12.27 
sdi_A_sclk_BSG_CHIP_cdc           0.1112      0.6927   0.0008174      0.8047       10.77 
sdi_A_sclk                        0.1112      0.6927   0.0008174      0.8047       10.77 
master_io_clk_BSG_CHIP_cdc       0.00979     0.05075   6.737e-05     0.06061      0.8109 
sdo_A_token_clk                 0.002992      0.0123   1.837e-05     0.01531      0.2048 
master_io_clk                    0.00979     0.05075   6.737e-05     0.06061      0.8109 
core_clk                          0.1309      0.7855   0.0004822      0.9169       12.27 
-----------------------------------------------------------------------------------------
Total (excluding duplicates)      0.2549       1.541    0.001385       1.797       24.05 
-----------------------------------------------------------------------------------------
Clock: sdo_A_token_clk_BSG_CHIP_cdc
Clock Period: 20.000000 usec 
Clock Toggle Rate:     0.1000 Mhz 
Clock Static Probability:  0.5000

Clock: core_clk_BSG_CHIP_cdc
Clock Period: 10.000000 usec 
Clock Toggle Rate:     0.2000 Mhz 
Clock Static Probability:  0.5000

Clock: sdi_A_sclk_BSG_CHIP_cdc
Clock Period: 20.000000 usec 
Clock Toggle Rate:     0.1000 Mhz 
Clock Static Probability:  0.5000

Clock: sdi_A_sclk
Clock Period: 0.020000 usec 
Clock Toggle Rate:   100.0000 Mhz 
Clock Static Probability:  0.5000

Clock: master_io_clk_BSG_CHIP_cdc
Clock Period: 20.000000 usec 
Clock Toggle Rate:     0.1000 Mhz 
Clock Static Probability:  0.5000

Clock: sdo_A_token_clk
Clock Period: 0.020000 usec 
Clock Toggle Rate:   100.0000 Mhz 
Clock Static Probability:  0.5000

Clock: master_io_clk
Clock Period: 0.020000 usec 
Clock Toggle Rate:   100.0000 Mhz 
Clock Static Probability:  0.5000

Clock: core_clk
Clock Period: 0.010000 usec 
Clock Toggle Rate:   200.0000 Mhz 
Clock Static Probability:  0.5000



Rail                  Voltage   Internal   Switching     Leakage       Total  Percentage 
                                Power      Power         Power         Power  (%)        
-----------------------------------------------------------------------------------------
VDD                       1.6      5.208       2.226     0.03999       7.475         100 


Total Power 
-----------------------------------------------------------------------------------------
Total Internal Power:        5.20838167 	   69.6790%
Total Switching Power:       2.22645430 	   29.7860%
Total Leakage Power:         0.03998840 	    0.5350%
Total Power:                 7.47482437 
-----------------------------------------------------------------------------------------


Hierarchy                       Internal   Switching     Leakage       Total  Percentage 
                                Power      Power         Power         Power  (%)        
-----------------------------------------------------------------------------------------
guts                               5.208       2.226     0.03999       7.475         100  
guts/bss_reset                  0.007321    0.001481   4.043e-05    0.008843      0.1183  
guts/link_downstream               2.718       1.033     0.02434       3.775       50.51  
guts/link_downstream_reset_sync_sync
                                0.007128    0.000994   4.863e-05    0.008171      0.1093  
guts/link_upstream                0.8011      0.2562    0.005827       1.063       14.22  
guts/link_upstream_reset_sync_sync
                                0.007175    0.001964   4.937e-05    0.009189      0.1229  
guts/loop[0].adapter               1.154      0.3437    0.006169       1.504       20.12  
guts/loop[0].router               0.3017     0.04704    0.001751      0.3505       4.689  
guts/n[0].clnt.clnt              0.08697     0.03362    0.001011      0.1216       1.627  
guts/bss_reset/z.bss            0.007321    0.001481   4.043e-05    0.008843      0.1183  
guts/link_downstream/ch[0].downstream
                                   2.472      0.8661     0.02272       3.361       44.96  
guts/link_downstream/ch[0].iddr_phy
                                 0.06246      0.0479    0.000616       0.111       1.485  
guts/link_downstream/sipo.in_sipof
                                  0.1677     0.02464   0.0008865      0.1933       2.586  
guts/link_downstream_reset_sync_sync/sync.p.z.blss
                                0.007128    0.000994   4.863e-05    0.008171      0.1093  
guts/link_upstream/ch[0].oddr_phy
                                 0.04939    0.005813   0.0005604     0.05576       0.746  
guts/link_upstream/ch[0].sso
                                  0.6653      0.1613    0.004707      0.8313       11.12  
guts/link_upstream/piso.out_piso
                                 0.07061     0.00949   0.0004417     0.08054       1.077  
guts/link_upstream_reset_sync_sync/sync.p.z.blss
                                0.007175    0.001964   4.937e-05    0.009189      0.1229  
guts/loop[0].adapter/piso        0.05712     0.01318   0.0003482     0.07064      0.9451  
guts/loop[0].adapter/ral_to_wh
                                  0.4817       0.115    0.002525      0.5992       8.017  
guts/loop[0].adapter/sipof
                                  0.1174     0.01989   0.0006968       0.138       1.847  
guts/loop[0].adapter/wh_to_ral
                                   0.484      0.1131    0.002524      0.5996       8.022  
guts/loop[0].router/in_ch[0].twofer
                                 0.09954     0.01034   0.0005271      0.1104       1.477  
guts/loop[0].router/in_ch[0].wic
                                0.008244    0.001619   7.925e-05    0.009943       0.133  
guts/loop[0].router/in_ch[1].twofer
                                  0.1644      0.0153   0.0008275      0.1805       2.415  
guts/loop[0].router/in_ch[1].wic
                                 0.01647    0.003018   0.0001506     0.01964      0.2627  
guts/loop[0].router/out_ch[0].woc
                                0.004151    0.002172   3.728e-05     0.00636     0.08509  
guts/loop[0].router/out_ch[1].woc
                                0.004462    0.002059   4.394e-05    0.006565     0.08783  
guts/n[0].clnt.clnt/genblk1.cgol_inst
                                 0.08697     0.03362    0.001011      0.1216       1.627  
guts/loop[0].router/in_ch[1].dor
                               0.0002921   0.0002538   4.973e-06   0.0005509     0.00737  
guts/loop[0].router/out_ch[0].data_mux
                                0.001989     0.01075   4.055e-05     0.01278       0.171  
guts/loop[0].router/out_ch[1].data_mux
                                0.002115    0.001535   4.001e-05     0.00369     0.04937  
guts/link_downstream/ch[0].downstream/baf
                                   2.304      0.8263     0.02178       3.152       42.16  
guts/link_downstream/ch[0].downstream/genblk2.twofer
                                  0.1486     0.01773   0.0007945      0.1671       2.236  
guts/link_downstream/ch[0].downstream/token_counter
                                 0.01668    0.003285   0.0001264     0.02009      0.2688  
guts/link_downstream/sipo.in_sipof/brr
                                0.004722    0.001073   3.766e-05    0.005833     0.07803  
guts/link_downstream/sipo.in_sipof/fifos[0].twofifo.fifo
                                  0.1509     0.02195   0.0007818      0.1736       2.323  
guts/link_downstream/sipo.in_sipof/fifos[1].onefifo.fifo
                                 0.01195    0.001243   6.299e-05     0.01326      0.1774  
guts/link_upstream/ch[0].sso/async_fifo
                                  0.4422     0.08626    0.002463      0.5309       7.102  
guts/link_upstream/ch[0].sso/neg_credit_ctr
                                 0.05345    0.006142   0.0007331     0.06032       0.807  
guts/link_upstream/ch[0].sso/pos_credit_ctr
                                 0.05295    0.006689    0.000732     0.06037      0.8077  
guts/link_upstream/ch[0].sso/token_alt
                                0.008341    0.001509   0.0001281    0.009977      0.1335  
guts/link_upstream/ch[0].sso/twofer.fifo
                                 0.09945     0.01992   0.0005313      0.1199       1.604  
guts/link_upstream/piso.out_piso/piso.fifo1
                                 0.03951    0.001883    0.000188     0.04158      0.5562  
guts/link_upstream/piso.out_piso/piso.shift_ctr
                                0.004019    0.001527   2.312e-05    0.005569     0.07451  
guts/link_upstream/piso.out_piso/two_fifo.fifo0
                                 0.02474    0.003162    0.000173     0.02808      0.3756  
guts/loop[0].adapter/piso/piso.fifo1
                                 0.03905    0.001835   0.0001769     0.04106      0.5493  
guts/loop[0].adapter/piso/piso.shift_ctr
                                0.008053    0.001697    5.08e-05      0.0098      0.1311  
guts/loop[0].adapter/piso/two_fifo.fifo0
                                0.007797    0.001351   5.638e-05    0.009205      0.1231  
guts/loop[0].adapter/ral_to_wh/MSYNC_1r1w
                                  0.3265     0.05887    0.001589       0.387       5.177  
guts/loop[0].adapter/ral_to_wh/bapg_rd
                                 0.07308      0.0115   0.0004401     0.08503       1.137  
guts/loop[0].adapter/ral_to_wh/bapg_wr
                                 0.07354     0.01029   0.0004418     0.08427       1.127  
guts/loop[0].adapter/sipof/brr
                                 0.00916    0.002562    0.000103     0.01182      0.1582  
guts/loop[0].adapter/sipof/fifos[0].twofifo.fifo
                                 0.09858    0.008494   0.0005219      0.1076       1.439  
guts/loop[0].adapter/sipof/fifos[1].onefifo.fifo
                                 0.00392   0.0005107   2.545e-05    0.004456     0.05962  
guts/loop[0].adapter/sipof/fifos[2].onefifo.fifo
                                 0.00392   0.0005522   2.545e-05    0.004498     0.06017  
guts/loop[0].adapter/wh_to_ral/MSYNC_1r1w
                                  0.3268     0.04976    0.001563      0.3782       5.059  
guts/loop[0].adapter/wh_to_ral/bapg_rd
                                 0.07408     0.01093   0.0004476     0.08545       1.143  
guts/loop[0].adapter/wh_to_ral/bapg_wr
                                 0.07493     0.01849   0.0004488     0.09387       1.256  
guts/loop[0].router/in_ch[0].twofer/mem_1r1w
                                 0.08398    0.006112   0.0004178     0.09051       1.211  
guts/loop[0].router/in_ch[0].wic/ctr
                                0.007942    0.001208   6.638e-05    0.009216      0.1233  
guts/loop[0].router/in_ch[1].twofer/mem_1r1w
                                   0.149     0.01057   0.0007214      0.1603       2.145  
guts/loop[0].router/in_ch[1].wic/ctr
                                 0.01616    0.002694   0.0001369       0.019      0.2541  
guts/loop[0].router/out_ch[0].woc/scheduled_reg
                                0.003549   0.0001249   1.715e-05    0.003691     0.04938  
guts/loop[0].router/out_ch[1].woc/scheduled_reg
                                0.003578   0.0001144   1.695e-05    0.003709     0.04962  
guts/n[0].clnt.clnt/genblk1.cgol_inst/cell_array
                                 0.06137     0.02585   0.0007892     0.08801       1.177  
guts/n[0].clnt.clnt/genblk1.cgol_inst/ctrl
                                 0.02559    0.007777   0.0002222     0.03359      0.4494  
guts/link_upstream/piso.out_piso/piso.data_o_mux
                                0.001809    0.002094   4.296e-05    0.003946     0.05279  
guts/loop[0].adapter/piso/piso.data_o_mux
                                0.001271     0.00737   3.684e-05    0.008678      0.1161  
guts/loop[0].router/out_ch[0].woc/brr
                               4.479e-06   1.454e-06   3.516e-06   9.448e-06   0.0001264  
guts/loop[0].router/out_ch[1].woc/brr
                               0.0001009   4.168e-05   3.734e-06   0.0001463    0.001957  
guts/link_downstream/ch[0].downstream/baf/MSYNC_1r1w
                                   2.127      0.7779     0.02042       2.926       39.14  
guts/link_downstream/ch[0].downstream/baf/bapg_rd
                                 0.07974     0.01825   0.0005275     0.09852       1.318  
guts/link_downstream/ch[0].downstream/baf/bapg_wr
                                 0.09142     0.01165   0.0007779      0.1039       1.389  
guts/link_downstream/ch[0].downstream/genblk2.twofer/mem_1r1w
                                  0.1327     0.01274    0.000681      0.1461       1.954  
guts/link_downstream/sipo.in_sipof/brr/one_to_n.circular_ptr
                                0.003993   0.0007648   2.341e-05    0.004781     0.06396  
guts/link_downstream/sipo.in_sipof/fifos[0].twofifo.fifo/mem_1r1w
                                  0.1351     0.01708    0.000668      0.1528       2.044  
guts/link_downstream/sipo.in_sipof/fifos[1].onefifo.fifo/dff
                                 0.00792   0.0002065   3.347e-05     0.00816      0.1092  
guts/link_downstream/sipo.in_sipof/fifos[1].onefifo.fifo/dff_full
                                0.003631     0.00032   1.812e-05    0.003969      0.0531  
guts/link_upstream/ch[0].sso/async_fifo/MSYNC_1r1w
                                  0.3287     0.06089    0.001578      0.3911       5.233  
guts/link_upstream/ch[0].sso/async_fifo/bapg_rd
                                 0.05132    0.005971   0.0004245     0.05772      0.7722  
guts/link_upstream/ch[0].sso/async_fifo/bapg_wr
                                 0.05908    0.009997    0.000425      0.0695      0.9298  
guts/link_upstream/ch[0].sso/neg_credit_ctr/bapg
                                 0.03735    0.003313   0.0004881     0.04115      0.5506  
guts/link_upstream/ch[0].sso/pos_credit_ctr/bapg
                                 0.03675    0.003532   0.0004826     0.04077      0.5454  
guts/link_upstream/ch[0].sso/twofer.fifo/mem_1r1w
                                 0.08336     0.01579   0.0004165     0.09956       1.332  
guts/link_upstream/piso.out_piso/piso.fifo1/dff
                                  0.0354   0.0009908   0.0001499     0.03654      0.4889  
guts/link_upstream/piso.out_piso/piso.fifo1/dff_full
                                0.003629   0.0003421   1.793e-05    0.003989     0.05336  
guts/link_upstream/piso.out_piso/two_fifo.fifo0/mem_1r1w
                                0.008438   0.0003988   5.013e-05    0.008887      0.1189  
guts/loop[0].adapter/piso/piso.fifo1/dff
                                 0.03515   0.0007824   0.0001485     0.03608      0.4827  
guts/loop[0].adapter/piso/piso.fifo1/dff_full
                                0.003559   0.0001753   1.718e-05    0.003751     0.05019  
guts/loop[0].adapter/ral_to_wh/MSYNC_1r1w/synth
                                  0.3265     0.05887    0.001589       0.387       5.177  
guts/loop[0].adapter/ral_to_wh/bapg_rd/ptr_sync
                                 0.04484    0.003781   0.0002292     0.04885      0.6535  
guts/loop[0].adapter/ral_to_wh/bapg_wr/ptr_sync
                                 0.04491    0.003631   0.0002297     0.04877      0.6525  
guts/loop[0].adapter/sipof/brr/one_to_n.circular_ptr
                                0.008083    0.001874   6.994e-05     0.01003      0.1342  
guts/loop[0].adapter/sipof/fifos[0].twofifo.fifo/mem_1r1w
                                 0.08301     0.00493   0.0004098     0.08835       1.182  
guts/loop[0].adapter/sipof/fifos[1].onefifo.fifo/dff_full
                                0.003586   0.0003707   1.765e-05    0.003974     0.05317  
guts/loop[0].adapter/sipof/fifos[2].onefifo.fifo/dff_full
                                0.003586   0.0003941   1.765e-05    0.003998     0.05349  
guts/loop[0].adapter/wh_to_ral/MSYNC_1r1w/synth
                                  0.3268     0.04976    0.001563      0.3782       5.059  
guts/loop[0].adapter/wh_to_ral/bapg_rd/ptr_sync
                                 0.04507    0.003332   0.0002302     0.04863      0.6506  
guts/loop[0].adapter/wh_to_ral/bapg_wr/ptr_sync
                                 0.04502    0.003345   0.0002307      0.0486      0.6501  
guts/loop[0].router/in_ch[0].twofer/mem_1r1w/synth
                                 0.08398    0.006112   0.0004178     0.09051       1.211  
guts/loop[0].router/in_ch[1].twofer/mem_1r1w/synth
                                   0.149     0.01057   0.0007214      0.1603       2.145  
guts/n[0].clnt.clnt/genblk1.cgol_inst/cell_array/gen_rows[0].gen_cols[0].life_cell
                                  0.0059    0.001284   5.926e-05    0.007243     0.09689  
guts/n[0].clnt.clnt/genblk1.cgol_inst/cell_array/gen_rows[0].gen_cols[1].life_cell
                                0.007328    0.003369   0.0001048      0.0108      0.1445  
guts/n[0].clnt.clnt/genblk1.cgol_inst/cell_array/gen_rows[0].gen_cols[2].life_cell
                                0.005831    0.001718   6.582e-05    0.007614      0.1019  
guts/n[0].clnt.clnt/genblk1.cgol_inst/cell_array/gen_rows[1].gen_cols[0].life_cell
                                0.006843    0.002839   9.061e-05    0.009773      0.1307  
guts/n[0].clnt.clnt/genblk1.cgol_inst/cell_array/gen_rows[1].gen_cols[1].life_cell
                                0.009283    0.006294   0.0001482     0.01573      0.2104  
guts/n[0].clnt.clnt/genblk1.cgol_inst/cell_array/gen_rows[1].gen_cols[2].life_cell
                                0.006929    0.003252   9.061e-05     0.01027      0.1374  
guts/n[0].clnt.clnt/genblk1.cgol_inst/cell_array/gen_rows[2].gen_cols[0].life_cell
                                0.005899    0.001721   6.585e-05    0.007685      0.1028  
guts/n[0].clnt.clnt/genblk1.cgol_inst/cell_array/gen_rows[2].gen_cols[1].life_cell
                                0.007414    0.003802   0.0001048     0.01132      0.1515  
guts/n[0].clnt.clnt/genblk1.cgol_inst/cell_array/gen_rows[2].gen_cols[2].life_cell
                                0.005948    0.001569   5.926e-05    0.007576      0.1014  
guts/n[0].clnt.clnt/genblk1.cgol_inst/ctrl/counter
                                0.003972   0.0005689   3.222e-05    0.004573     0.06118  
guts/link_downstream/ch[0].downstream/baf/MSYNC_1r1w/synth
                                   2.127      0.7779     0.02042       2.926       39.14  
guts/link_downstream/ch[0].downstream/baf/bapg_rd/ptr_sync
                                  0.0257    0.002833   0.0001266     0.02866      0.3834  
guts/link_downstream/ch[0].downstream/baf/bapg_wr/ptr_sync
                                 0.06424    0.003619    0.000364     0.06822      0.9126  
guts/link_downstream/ch[0].downstream/genblk2.twofer/mem_1r1w/synth
                                  0.1327     0.01274    0.000681      0.1461       1.954  
guts/link_downstream/sipo.in_sipof/fifos[0].twofifo.fifo/mem_1r1w/synth
                                  0.1351     0.01708    0.000668      0.1528       2.044  
guts/link_upstream/ch[0].sso/async_fifo/MSYNC_1r1w/synth
                                  0.3287     0.06089    0.001578      0.3911       5.233  
guts/link_upstream/ch[0].sso/async_fifo/bapg_rd/ptr_sync
                                 0.03672     0.00206   0.0002074     0.03899      0.5216  
guts/link_upstream/ch[0].sso/async_fifo/bapg_wr/ptr_sync
                                 0.02944    0.002556   0.0002074      0.0322      0.4308  
guts/link_upstream/ch[0].sso/neg_credit_ctr/bapg/ptr_sync
                                 0.02692    0.001267   0.0003085      0.0285      0.3812  
guts/link_upstream/ch[0].sso/pos_credit_ctr/bapg/ptr_sync
                                 0.02689    0.001647   0.0003126     0.02885      0.3859  
guts/link_upstream/ch[0].sso/twofer.fifo/mem_1r1w/synth
                                 0.08336     0.01579   0.0004165     0.09956       1.332  
guts/link_upstream/piso.out_piso/two_fifo.fifo0/mem_1r1w/synth
                                0.008438   0.0003988   5.013e-05    0.008887      0.1189  
guts/loop[0].adapter/ral_to_wh/bapg_rd/ptr_sync/sync.p.z.blss
                                 0.04484    0.003781   0.0002292     0.04885      0.6535  
guts/loop[0].adapter/ral_to_wh/bapg_wr/ptr_sync/sync.p.z.blss
                                 0.04491    0.003631   0.0002297     0.04877      0.6525  
guts/loop[0].adapter/sipof/fifos[0].twofifo.fifo/mem_1r1w/synth
                                 0.08301     0.00493   0.0004098     0.08835       1.182  
guts/loop[0].adapter/wh_to_ral/bapg_rd/ptr_sync/sync.p.z.blss
                                 0.04507    0.003332   0.0002302     0.04863      0.6506  
guts/loop[0].adapter/wh_to_ral/bapg_wr/ptr_sync/sync.p.z.blss
                                 0.04502    0.003345   0.0002307      0.0486      0.6501  
guts/n[0].clnt.clnt/genblk1.cgol_inst/cell_array/gen_rows[0].gen_cols[0].life_cell/countOnes
                                0.000611   0.0005111   2.425e-05    0.001146     0.01534  
guts/n[0].clnt.clnt/genblk1.cgol_inst/cell_array/gen_rows[0].gen_cols[1].life_cell/countOnes
                                0.001741    0.002166   6.728e-05    0.003975     0.05317  
guts/n[0].clnt.clnt/genblk1.cgol_inst/cell_array/gen_rows[0].gen_cols[2].life_cell/countOnes
                               0.0005005   0.0006557   2.844e-05    0.001185     0.01585  
guts/n[0].clnt.clnt/genblk1.cgol_inst/cell_array/gen_rows[1].gen_cols[0].life_cell/countOnes
                                0.001345    0.001555   5.313e-05    0.002953     0.03951  
guts/n[0].clnt.clnt/genblk1.cgol_inst/cell_array/gen_rows[1].gen_cols[1].life_cell/countOnes
                                0.003469    0.004518   0.0001063    0.008093      0.1083  
guts/n[0].clnt.clnt/genblk1.cgol_inst/cell_array/gen_rows[1].gen_cols[2].life_cell/countOnes
                                 0.00143    0.001707   5.313e-05     0.00319     0.04267  
guts/n[0].clnt.clnt/genblk1.cgol_inst/cell_array/gen_rows[2].gen_cols[0].life_cell/countOnes
                               0.0005608   0.0007609   2.844e-05     0.00135     0.01806  
guts/n[0].clnt.clnt/genblk1.cgol_inst/cell_array/gen_rows[2].gen_cols[1].life_cell/countOnes
                                0.001825    0.002395   6.728e-05    0.004288     0.05736  
guts/n[0].clnt.clnt/genblk1.cgol_inst/cell_array/gen_rows[2].gen_cols[2].life_cell/countOnes
                               0.0006568   0.0006206   2.425e-05    0.001302     0.01741  
guts/link_downstream/ch[0].downstream/baf/bapg_rd/ptr_sync/sync.p.z.blss
                                  0.0257    0.002833   0.0001266     0.02866      0.3834  
guts/link_downstream/ch[0].downstream/baf/bapg_wr/ptr_sync/sync.p.z.blss
                                 0.06424    0.003619    0.000364     0.06822      0.9126  
guts/link_upstream/ch[0].sso/async_fifo/bapg_rd/ptr_sync/sync.p.z.blss
                                 0.03672     0.00206   0.0002074     0.03899      0.5216  
guts/link_upstream/ch[0].sso/async_fifo/bapg_wr/ptr_sync/sync.p.z.blss
                                 0.02944    0.002556   0.0002074      0.0322      0.4308  
guts/link_upstream/ch[0].sso/neg_credit_ctr/bapg/ptr_sync/async.n.z.blss
                                 0.02692    0.001267   0.0003085      0.0285      0.3812  
guts/link_upstream/ch[0].sso/pos_credit_ctr/bapg/ptr_sync/async.p.z.blss
                                 0.02689    0.001647   0.0003126     0.02885      0.3859  
guts/n[0].clnt.clnt/genblk1.cgol_inst/cell_array/gen_rows[0].gen_cols[0].life_cell/countOnes/recurse.right
                                0.000611   0.0005111   2.425e-05    0.001146     0.01534  
guts/n[0].clnt.clnt/genblk1.cgol_inst/cell_array/gen_rows[0].gen_cols[1].life_cell/countOnes/recurse.right
                                0.001223    0.001503   3.805e-05    0.002764     0.03698  
guts/n[0].clnt.clnt/genblk1.cgol_inst/cell_array/gen_rows[0].gen_cols[2].life_cell/countOnes/recurse.right
                               0.0001678    0.000221   9.259e-06    0.000398    0.005325  
guts/n[0].clnt.clnt/genblk1.cgol_inst/cell_array/gen_rows[1].gen_cols[0].life_cell/countOnes/recurse.left
                                0.000199   0.0003012   9.259e-06   0.0005094    0.006815  
guts/n[0].clnt.clnt/genblk1.cgol_inst/cell_array/gen_rows[1].gen_cols[0].life_cell/countOnes/recurse.right
                                0.000627     0.00063   2.425e-05    0.001281     0.01714  
guts/n[0].clnt.clnt/genblk1.cgol_inst/cell_array/gen_rows[1].gen_cols[1].life_cell/countOnes/recurse.left
                                0.001224    0.001659   3.805e-05    0.002922     0.03909  
guts/n[0].clnt.clnt/genblk1.cgol_inst/cell_array/gen_rows[1].gen_cols[1].life_cell/countOnes/recurse.right
                                0.001217    0.001596   3.805e-05    0.002851     0.03814  
guts/n[0].clnt.clnt/genblk1.cgol_inst/cell_array/gen_rows[1].gen_cols[2].life_cell/countOnes/recurse.left
                               0.0006232    0.000647   2.425e-05    0.001294     0.01732  
guts/n[0].clnt.clnt/genblk1.cgol_inst/cell_array/gen_rows[1].gen_cols[2].life_cell/countOnes/recurse.right
                               0.0001976   0.0002989   9.259e-06   0.0005058    0.006766  
guts/n[0].clnt.clnt/genblk1.cgol_inst/cell_array/gen_rows[2].gen_cols[0].life_cell/countOnes/recurse.left
                               0.0001852   0.0002456   9.259e-06   0.0004401    0.005888  
guts/n[0].clnt.clnt/genblk1.cgol_inst/cell_array/gen_rows[2].gen_cols[1].life_cell/countOnes/recurse.left
                                 0.00125     0.00163   3.805e-05    0.002918     0.03903  
guts/n[0].clnt.clnt/genblk1.cgol_inst/cell_array/gen_rows[2].gen_cols[2].life_cell/countOnes/recurse.left
                               0.0006568   0.0006206   2.425e-05    0.001302     0.01741  


-----------------------------------------------------------------------------------------
*	Power Distribution Summary: 
*                Highest Average Power:  guts/CTS_ccl_a_inv_00221 (sky130_fd_sc_hd__clkinv_8):          0.02735 
*                Highest Leakage Power: guts/link_upstream/ch[0].sso/pos_credit_ctr/bapg/async.BSG_NO_CLOCK_GATE_2.async_reset_w_ptr_p1_r_reg[0] (sky130_fd_sc_hd__dfstp_4):        2.437e-05 
*          Total Cap:      5.87241e-11 F
*          Total instances in design:  4277
*          Total instances in design with no power:     0
*          Total instances in design with no activity:     0
*          Total Fillers and Decap:     0
-----------------------------------------------------------------------------------------

